2021-12-04 13:02:44 [restartedMain] INFO  c.r.s.SpringReactiveMongoApplication -
				Starting SpringReactiveMongoApplication using Java 15 on Sweetie-Dollie with PID 13708 (E:\Traning-Reactive\springboot-reactive-with-mongo\target\classes started by Sweetie-Dollie in E:\Traning-Reactive\springboot-reactive-with-mongo)
2021-12-04 13:02:44 [restartedMain] DEBUG c.r.s.SpringReactiveMongoApplication -
				Running with Spring Boot v2.4.5, Spring v5.3.6
2021-12-04 13:02:44 [restartedMain] INFO  c.r.s.SpringReactiveMongoApplication -
				No active profile set, falling back to default profiles: default
2021-12-04 13:02:48 [restartedMain] INFO  c.r.s.SpringReactiveMongoApplication -
				Started SpringReactiveMongoApplication in 4.959 seconds (JVM running for 6.528)
2021-12-04 13:53:31 [restartedMain] INFO  c.r.s.SpringReactiveMongoApplication -
				Starting SpringReactiveMongoApplication using Java 15 on Sweetie-Dollie with PID 952 (E:\Traning-Reactive\springboot-reactive-with-mongo\target\classes started by Sweetie-Dollie in E:\Traning-Reactive\springboot-reactive-with-mongo)
2021-12-04 13:53:31 [restartedMain] DEBUG c.r.s.SpringReactiveMongoApplication -
				Running with Spring Boot v2.4.5, Spring v5.3.6
2021-12-04 13:53:31 [restartedMain] INFO  c.r.s.SpringReactiveMongoApplication -
				No active profile set, falling back to default profiles: default
2021-12-04 13:53:36 [restartedMain] INFO  c.r.s.SpringReactiveMongoApplication -
				Started SpringReactiveMongoApplication in 5.679 seconds (JVM running for 7.276)
2021-12-04 13:59:18 [restartedMain] INFO  c.r.s.SpringReactiveMongoApplication -
				Starting SpringReactiveMongoApplication using Java 15 on Sweetie-Dollie with PID 952 (E:\Traning-Reactive\springboot-reactive-with-mongo\target\classes started by Sweetie-Dollie in E:\Traning-Reactive\springboot-reactive-with-mongo)
2021-12-04 13:59:18 [restartedMain] DEBUG c.r.s.SpringReactiveMongoApplication -
				Running with Spring Boot v2.4.5, Spring v5.3.6
2021-12-04 13:59:18 [restartedMain] INFO  c.r.s.SpringReactiveMongoApplication -
				No active profile set, falling back to default profiles: default
2021-12-04 13:59:20 [restartedMain] INFO  c.r.s.SpringReactiveMongoApplication -
				Started SpringReactiveMongoApplication in 1.322 seconds (JVM running for 351.307)
