2021-12-05 12:34:18 [main] INFO  c.r.s.c.ProductControllerTest -
				Starting ProductControllerTest using Java 15 on Sweetie-Dollie with PID 9616 (started by Sweetie-Dollie in E:\Traning-Reactive\springboot-reactive-with-mongo)
2021-12-05 12:34:18 [main] DEBUG c.r.s.c.ProductControllerTest -
				Running with Spring Boot v2.4.5, Spring v5.3.6
2021-12-05 12:34:18 [main] INFO  c.r.s.c.ProductControllerTest -
				No active profile set, falling back to default profiles: default
2021-12-05 12:34:23 [main] INFO  c.r.s.c.ProductControllerTest -
				Started ProductControllerTest in 6.229 seconds (JVM running for 11.619)
2021-12-05 12:38:14 [main] INFO  c.r.s.c.ProductControllerTest -
				Starting ProductControllerTest using Java 15 on Sweetie-Dollie with PID 10436 (started by Sweetie-Dollie in E:\Traning-Reactive\springboot-reactive-with-mongo)
2021-12-05 12:38:14 [main] DEBUG c.r.s.c.ProductControllerTest -
				Running with Spring Boot v2.4.5, Spring v5.3.6
2021-12-05 12:38:14 [main] INFO  c.r.s.c.ProductControllerTest -
				No active profile set, falling back to default profiles: default
2021-12-05 12:38:22 [main] INFO  c.r.s.c.ProductControllerTest -
				Started ProductControllerTest in 9.972 seconds (JVM running for 14.443)
2021-12-05 12:41:58 [main] INFO  c.r.s.c.ProductControllerTest -
				Starting ProductControllerTest using Java 15 on Sweetie-Dollie with PID 9476 (started by Sweetie-Dollie in E:\Traning-Reactive\springboot-reactive-with-mongo)
2021-12-05 12:41:58 [main] DEBUG c.r.s.c.ProductControllerTest -
				Running with Spring Boot v2.4.5, Spring v5.3.6
2021-12-05 12:41:58 [main] INFO  c.r.s.c.ProductControllerTest -
				No active profile set, falling back to default profiles: default
2021-12-05 12:42:04 [main] INFO  c.r.s.c.ProductControllerTest -
				Started ProductControllerTest in 7.844 seconds (JVM running for 11.217)
2021-12-05 15:27:56 [restartedMain] INFO  c.r.s.SpringReactiveMongoApplication -
				Starting SpringReactiveMongoApplication using Java 15 on Sweetie-Dollie with PID 14064 (E:\Traning-Reactive\springboot-reactive-with-mongo\target\classes started by Sweetie-Dollie in E:\Traning-Reactive\springboot-reactive-with-mongo)
2021-12-05 15:27:56 [restartedMain] DEBUG c.r.s.SpringReactiveMongoApplication -
				Running with Spring Boot v2.4.5, Spring v5.3.6
2021-12-05 15:27:56 [restartedMain] INFO  c.r.s.SpringReactiveMongoApplication -
				No active profile set, falling back to default profiles: default
2021-12-05 15:34:49 [restartedMain] INFO  c.r.s.SpringReactiveMongoApplication -
				Starting SpringReactiveMongoApplication using Java 15 on Sweetie-Dollie with PID 7380 (E:\Traning-Reactive\springboot-reactive-with-mongo\target\classes started by Sweetie-Dollie in E:\Traning-Reactive\springboot-reactive-with-mongo)
2021-12-05 15:34:49 [restartedMain] DEBUG c.r.s.SpringReactiveMongoApplication -
				Running with Spring Boot v2.4.5, Spring v5.3.6
2021-12-05 15:34:49 [restartedMain] INFO  c.r.s.SpringReactiveMongoApplication -
				No active profile set, falling back to default profiles: default
2021-12-05 15:39:01 [restartedMain] INFO  c.r.s.SpringReactiveMongoApplication -
				Starting SpringReactiveMongoApplication using Java 15 on Sweetie-Dollie with PID 5784 (E:\Traning-Reactive\springboot-reactive-with-mongo\target\classes started by Sweetie-Dollie in E:\Traning-Reactive\springboot-reactive-with-mongo)
2021-12-05 15:39:01 [restartedMain] DEBUG c.r.s.SpringReactiveMongoApplication -
				Running with Spring Boot v2.4.5, Spring v5.3.6
2021-12-05 15:39:01 [restartedMain] INFO  c.r.s.SpringReactiveMongoApplication -
				No active profile set, falling back to default profiles: default
